2025-05-23 03:25:54,857 - StrategyManager - ERROR - Failed to load config for RSIStrategy: [Errno 2] No such file or directory: 'config/strategies\\rsistrategy.json'
2025-05-23 03:25:54,857 - StrategyManager - INFO - Added strategy: RSIStrategy
2025-05-23 03:25:54,859 - StrategyManager - ERROR - Error in strategy RSIStrategy: RSIStrategy.get_data() missing 1 required positional argument: 'timeframe'
2025-05-23 03:25:54,860 - StrategyManager - INFO - Started strategy: RSIStrategy
2025-05-23 03:25:59,882 - StrategyManager - ERROR - Error in strategy RSIStrategy: RSIStrategy.get_data() missing 1 required positional argument: 'timeframe'
2025-05-23 03:26:04,933 - StrategyManager - INFO - All strategies stopped
2025-05-23 03:35:48,546 - StrategyManager - INFO - {'mt5': {'account': 204596757, 'password': '12345678aA@', 'server': 'Exness-MT5Trial7', 'leverage': 2000}, 'trading': {'symbol': 'XAUUSDm', 'timeframe': '1h', 'max_open_positions': 8, 'min_position_size': 0.01, 'max_position_size': 0.1, 'stop_loss_pips': 50, 'take_profit_pips': 100, 'max_daily_loss': 100, 'risk_per_trade': 1.0, 'lot_size': 0.01, 'max_lots': 0.1, 'min_lots': 0.01}, 'strategies': {'interval': 60, 'enabled': ['RSIStrategy'], 'config_path': 'config/strategies'}, 'logging': {'level': 'INFO', 'log_trades': True, 'log_directory': 'logs', 'file': 'logs/trading.log'}, 'backtest': {'initial_balance': 100, 'commission': 0.0001}, 'mode': 'backtest', 'strategy': {'strategy': {'name': 'RSIStrategy', 'enabled': True, 'timeframes': ['M5', 'M15', 'H1'], 'parameters': {'rsi_periods': {'short': 6, 'medium': 14, 'long': 24}, 'rsi_levels': {'short': {'overbought': 90, 'oversold': 10}, 'medium': {'overbought': 85, 'oversold': 20}, 'long': {'overbought': 80, 'oversold': 20}}, 'risk_management': {'stop_loss_pips': 50, 'take_profit_pips': 100, 'max_position_size': 0.1, 'min_position_size': 0.01}}}}}
2025-05-23 03:36:56,029 - StrategyManager - INFO - {'mt5': {'account': 204596757, 'password': '12345678aA@', 'server': 'Exness-MT5Trial7', 'leverage': 2000}, 'trading': {'symbol': 'XAUUSDm', 'timeframe': '1h', 'max_open_positions': 8, 'min_position_size': 0.01, 'max_position_size': 0.1, 'stop_loss_pips': 50, 'take_profit_pips': 100, 'max_daily_loss': 100, 'risk_per_trade': 1.0, 'lot_size': 0.01, 'max_lots': 0.1, 'min_lots': 0.01}, 'strategies': {'interval': 60, 'enabled': ['RSIStrategy'], 'config_path': 'config/strategies'}, 'logging': {'level': 'INFO', 'log_trades': True, 'log_directory': 'logs', 'file': 'logs/trading.log'}, 'backtest': {'initial_balance': 100, 'commission': 0.0001}, 'mode': 'backtest', 'strategy': {'strategy': {'name': 'RSIStrategy', 'enabled': True, 'timeframes': ['M5', 'M15', 'H1'], 'parameters': {'rsi_periods': {'short': 6, 'medium': 14, 'long': 24}, 'rsi_levels': {'short': {'overbought': 90, 'oversold': 10}, 'medium': {'overbought': 85, 'oversold': 20}, 'long': {'overbought': 80, 'oversold': 20}}, 'risk_management': {'stop_loss_pips': 50, 'take_profit_pips': 100, 'max_position_size': 0.1, 'min_position_size': 0.01}}}}}
2025-05-23 03:36:56,031 - StrategyManager - INFO - {'mt5': {'account': 204596757, 'password': '12345678aA@', 'server': 'Exness-MT5Trial7', 'leverage': 2000}, 'trading': {'symbol': 'XAUUSDm', 'timeframe': '1h', 'max_open_positions': 8, 'min_position_size': 0.01, 'max_position_size': 0.1, 'stop_loss_pips': 50, 'take_profit_pips': 100, 'max_daily_loss': 100, 'risk_per_trade': 1.0, 'lot_size': 0.01, 'max_lots': 0.1, 'min_lots': 0.01}, 'strategies': {'interval': 60, 'enabled': ['RSIStrategy'], 'config_path': 'config/strategies'}, 'logging': {'level': 'INFO', 'log_trades': True, 'log_directory': 'logs', 'file': 'logs/trading.log'}, 'backtest': {'initial_balance': 100, 'commission': 0.0001}, 'mode': 'backtest', 'strategy': {'strategy': {'name': 'RSIStrategy', 'enabled': True, 'timeframes': ['M5', 'M15', 'H1'], 'parameters': {'rsi_periods': {'short': 6, 'medium': 14, 'long': 24}, 'rsi_levels': {'short': {'overbought': 90, 'oversold': 10}, 'medium': {'overbought': 85, 'oversold': 20}, 'long': {'overbought': 80, 'oversold': 20}}, 'risk_management': {'stop_loss_pips': 50, 'take_profit_pips': 100, 'max_position_size': 0.1, 'min_position_size': 0.01}}}}}
2025-05-23 03:37:48,991 - StrategyManager - INFO - {'mt5': {'account': 204596757, 'password': '12345678aA@', 'server': 'Exness-MT5Trial7', 'leverage': 2000}, 'trading': {'symbol': 'XAUUSDm', 'timeframe': '1h', 'max_open_positions': 8, 'min_position_size': 0.01, 'max_position_size': 0.1, 'stop_loss_pips': 50, 'take_profit_pips': 100, 'max_daily_loss': 100, 'risk_per_trade': 1.0, 'lot_size': 0.01, 'max_lots': 0.1, 'min_lots': 0.01}, 'strategies': {'interval': 60, 'enabled': ['RSIStrategy'], 'config_path': 'config/strategies'}, 'logging': {'level': 'INFO', 'log_trades': True, 'log_directory': 'logs', 'file': 'logs/trading.log'}, 'backtest': {'initial_balance': 100, 'commission': 0.0001}, 'mode': 'backtest', 'strategy': {'strategy': {'name': 'RSIStrategy', 'enabled': True, 'timeframes': ['M5', 'M15', 'H1'], 'parameters': {'rsi_periods': {'short': 6, 'medium': 14, 'long': 24}, 'rsi_levels': {'short': {'overbought': 90, 'oversold': 10}, 'medium': {'overbought': 85, 'oversold': 20}, 'long': {'overbought': 80, 'oversold': 20}}, 'risk_management': {'stop_loss_pips': 50, 'take_profit_pips': 100, 'max_position_size': 0.1, 'min_position_size': 0.01}}}}}
2025-05-23 03:39:16,954 - StrategyManager - INFO - {'mt5': {'account': 204596757, 'password': '12345678aA@', 'server': 'Exness-MT5Trial7', 'leverage': 2000}, 'trading': {'symbol': 'XAUUSDm', 'timeframe': '1h', 'max_open_positions': 8, 'min_position_size': 0.01, 'max_position_size': 0.1, 'stop_loss_pips': 50, 'take_profit_pips': 100, 'max_daily_loss': 100, 'risk_per_trade': 1.0, 'lot_size': 0.01, 'max_lots': 0.1, 'min_lots': 0.01}, 'strategies': {'interval': 60, 'enabled': ['RSIStrategy'], 'config_path': 'config/strategies'}, 'logging': {'level': 'INFO', 'log_trades': True, 'log_directory': 'logs', 'file': 'logs/trading.log'}, 'backtest': {'initial_balance': 100, 'commission': 0.0001}, 'mode': 'backtest', 'strategy': {'name': 'RSIStrategy', 'enabled': True, 'timeframes': ['M5', 'M15', 'H1'], 'parameters': {'rsi_periods': {'short': 6, 'medium': 14, 'long': 24}, 'rsi_levels': {'short': {'overbought': 90, 'oversold': 10}, 'medium': {'overbought': 85, 'oversold': 20}, 'long': {'overbought': 80, 'oversold': 20}}, 'risk_management': {'stop_loss_pips': 50, 'take_profit_pips': 100, 'max_position_size': 0.1, 'min_position_size': 0.01}}}}
2025-05-23 03:39:16,956 - StrategyManager - INFO - Strategy 'rsi_strategy' loaded and initialized.
2025-05-23 03:39:54,874 - StrategyManager - INFO - {'mt5': {'account': 204596757, 'password': '12345678aA@', 'server': 'Exness-MT5Trial7', 'leverage': 2000}, 'trading': {'symbol': 'XAUUSDm', 'timeframe': '1h', 'max_open_positions': 8, 'min_position_size': 0.01, 'max_position_size': 0.1, 'stop_loss_pips': 50, 'take_profit_pips': 100, 'max_daily_loss': 100, 'risk_per_trade': 1.0, 'lot_size': 0.01, 'max_lots': 0.1, 'min_lots': 0.01}, 'strategies': {'interval': 60, 'enabled': ['RSIStrategy'], 'config_path': 'config/strategies'}, 'logging': {'level': 'INFO', 'log_trades': True, 'log_directory': 'logs', 'file': 'logs/trading.log'}, 'backtest': {'initial_balance': 100, 'commission': 0.0001}, 'mode': 'backtest', 'strategy': {'name': 'RSIStrategy', 'enabled': True, 'timeframes': ['M5', 'M15', 'H1'], 'parameters': {'rsi_periods': {'short': 6, 'medium': 14, 'long': 24}, 'rsi_levels': {'short': {'overbought': 90, 'oversold': 10}, 'medium': {'overbought': 85, 'oversold': 20}, 'long': {'overbought': 80, 'oversold': 20}}, 'risk_management': {'stop_loss_pips': 50, 'take_profit_pips': 100, 'max_position_size': 0.1, 'min_position_size': 0.01}}}}
2025-05-23 03:39:54,877 - StrategyManager - INFO - Strategy 'rsi_strategy' loaded and initialized.
2025-05-23 03:39:54,877 - StrategyManager - INFO - Added strategy: rsi_strategy
2025-05-23 03:39:54,879 - StrategyManager - ERROR - Error in strategy RSIStrategy: RSIStrategy.get_data() missing 1 required positional argument: 'timeframe'
2025-05-23 03:39:54,879 - StrategyManager - INFO - Started strategy: RSIStrategy
2025-05-23 03:39:59,911 - StrategyManager - ERROR - Error in strategy RSIStrategy: RSIStrategy.get_data() missing 1 required positional argument: 'timeframe'
2025-05-23 03:40:04,950 - StrategyManager - INFO - All strategies stopped
2025-05-23 04:09:04,034 - StrategyManager - INFO - {'mt5': {'account': 204596757, 'password': '12345678aA@', 'server': 'Exness-MT5Trial7', 'leverage': 2000}, 'trading': {'symbol': 'XAUUSDm', 'timeframe': '1h', 'max_open_positions': 8, 'min_position_size': 0.01, 'max_position_size': 0.1, 'stop_loss_pips': 50, 'take_profit_pips': 100, 'max_daily_loss': 100, 'risk_per_trade': 1.0, 'lot_size': 0.01, 'max_lots': 0.1, 'min_lots': 0.01}, 'strategies': {'interval': 60, 'enabled': ['RSIStrategy'], 'config_path': 'config/strategies'}, 'logging': {'level': 'INFO', 'log_trades': True, 'log_directory': 'logs', 'file': 'logs/trading.log'}, 'backtest': {'initial_balance': 100, 'commission': 0.0001}, 'mode': 'backtest', 'support_timeframes': {'M1': 1, 'M5': 5, 'M15': 15, 'H1': 60, 'H4': 240, 'D1': 1440}, 'strategy': {'name': 'RSIStrategy', 'enabled': True, 'timeframes': ['M5', 'M15', 'H1'], 'parameters': {'rsi_periods': {'short': 6, 'medium': 14, 'long': 24}, 'rsi_levels': {'short': {'overbought': 90, 'oversold': 10}, 'medium': {'overbought': 85, 'oversold': 20}, 'long': {'overbought': 80, 'oversold': 20}}, 'risk_management': {'stop_loss_pips': 50, 'take_profit_pips': 100, 'max_position_size': 0.1, 'min_position_size': 0.01}}}}
2025-05-23 04:09:04,035 - StrategyManager - INFO - Strategy 'rsi_strategy' loaded and initialized.
2025-05-23 04:09:04,035 - StrategyManager - INFO - Added strategy: rsi_strategy
2025-05-23 04:09:04,038 - StrategyManager - ERROR - Error in strategy RSIStrategy: RSIStrategy.get_data() missing 1 required positional argument: 'timeframe'
2025-05-23 04:09:04,038 - StrategyManager - INFO - Started strategy: RSIStrategy
2025-05-23 04:09:09,068 - StrategyManager - ERROR - Error in strategy RSIStrategy: RSIStrategy.get_data() missing 1 required positional argument: 'timeframe'
2025-05-23 04:09:14,121 - StrategyManager - INFO - All strategies stopped
2025-05-23 04:10:17,707 - StrategyManager - INFO - {'mt5': {'account': 204596757, 'password': '12345678aA@', 'server': 'Exness-MT5Trial7', 'leverage': 2000}, 'trading': {'symbol': 'XAUUSDm', 'timeframe': '1h', 'max_open_positions': 8, 'min_position_size': 0.01, 'max_position_size': 0.1, 'stop_loss_pips': 50, 'take_profit_pips': 100, 'max_daily_loss': 100, 'risk_per_trade': 1.0, 'lot_size': 0.01, 'max_lots': 0.1, 'min_lots': 0.01}, 'strategies': {'interval': 60, 'enabled': ['RSIStrategy'], 'config_path': 'config/strategies'}, 'logging': {'level': 'INFO', 'log_trades': True, 'log_directory': 'logs', 'file': 'logs/trading.log'}, 'backtest': {'initial_balance': 100, 'commission': 0.0001}, 'mode': 'backtest', 'support_timeframes': {'M1': 1, 'M5': 5, 'M15': 15, 'H1': 60, 'H4': 240, 'D1': 1440}, 'strategy': {'name': 'RSIStrategy', 'enabled': True, 'timeframes': ['M5', 'M15', 'H1'], 'parameters': {'rsi_periods': {'short': 6, 'medium': 14, 'long': 24}, 'rsi_levels': {'short': {'overbought': 90, 'oversold': 10}, 'medium': {'overbought': 85, 'oversold': 20}, 'long': {'overbought': 80, 'oversold': 20}}, 'risk_management': {'stop_loss_pips': 50, 'take_profit_pips': 100, 'max_position_size': 0.1, 'min_position_size': 0.01}}}}
2025-05-23 04:10:17,708 - StrategyManager - INFO - Strategy 'rsi_strategy' loaded and initialized.
2025-05-23 04:10:17,708 - StrategyManager - INFO - Added strategy: rsi_strategy
2025-05-23 04:10:17,710 - StrategyManager - INFO - Started strategy: RSIStrategy
2025-05-23 04:11:19,628 - StrategyManager - INFO - All strategies stopped
2025-05-23 04:11:54,429 - StrategyManager - INFO - {'mt5': {'account': 204596757, 'password': '12345678aA@', 'server': 'Exness-MT5Trial7', 'leverage': 2000}, 'trading': {'symbol': 'XAUUSDm', 'timeframe': '1h', 'max_open_positions': 8, 'min_position_size': 0.01, 'max_position_size': 0.1, 'stop_loss_pips': 50, 'take_profit_pips': 100, 'max_daily_loss': 100, 'risk_per_trade': 1.0, 'lot_size': 0.01, 'max_lots': 0.1, 'min_lots': 0.01}, 'strategies': {'interval': 60, 'enabled': ['RSIStrategy'], 'config_path': 'config/strategies'}, 'logging': {'level': 'INFO', 'log_trades': True, 'log_directory': 'logs', 'file': 'logs/trading.log'}, 'backtest': {'initial_balance': 100, 'commission': 0.0001}, 'mode': 'backtest', 'support_timeframes': {'M1': 1, 'M5': 5, 'M15': 15, 'H1': 60, 'H4': 240, 'D1': 1440}, 'strategy': {'name': 'RSIStrategy', 'enabled': True, 'timeframes': ['M5', 'M15', 'H1'], 'parameters': {'rsi_periods': {'short': 6, 'medium': 14, 'long': 24}, 'rsi_levels': {'short': {'overbought': 90, 'oversold': 10}, 'medium': {'overbought': 85, 'oversold': 20}, 'long': {'overbought': 80, 'oversold': 20}}, 'risk_management': {'stop_loss_pips': 50, 'take_profit_pips': 100, 'max_position_size': 0.1, 'min_position_size': 0.01}}}}
2025-05-23 04:11:54,430 - StrategyManager - INFO - Strategy 'rsi_strategy' loaded and initialized.
2025-05-23 04:11:54,431 - StrategyManager - INFO - Added strategy: rsi_strategy
2025-05-23 04:11:54,432 - StrategyManager - ERROR - Error in strategy RSIStrategy: RSIStrategy.get_data() missing 1 required positional argument: 'timeframe'
2025-05-23 04:11:54,432 - StrategyManager - INFO - Started strategy: RSIStrategy
2025-05-23 04:11:59,434 - StrategyManager - INFO - All strategies stopped
2025-05-23 05:49:33,844 - StrategyManager - INFO - {'mt5': {'account': 204596757, 'password': '12345678aA@', 'server': 'Exness-MT5Trial7', 'leverage': 2000}, 'trading': {'symbol': 'XAUUSDm', 'timeframe': '1h', 'max_open_positions': 8, 'min_position_size': 0.01, 'max_position_size': 0.1, 'stop_loss_pips': 50, 'take_profit_pips': 100, 'max_daily_loss': 100, 'risk_per_trade': 1.0, 'lot_size': 0.01, 'max_lots': 0.1, 'min_lots': 0.01}, 'strategies': {'interval': 60, 'enabled': ['RSIStrategy'], 'config_path': 'config/strategies'}, 'logging': {'level': 'INFO', 'log_trades': True, 'log_directory': 'logs', 'file': 'logs/trading.log'}, 'backtest': {'initial_balance': 100, 'commission': 0.0001}, 'mode': 'backtest', 'support_timeframes': {'M1': 1, 'M5': 5, 'M15': 15, 'H1': 60, 'H4': 240, 'D1': 1440}, 'strategy': {'name': 'RSIStrategy', 'enabled': True, 'timeframes': ['M5', 'M15', 'H1'], 'parameters': {'rsi_periods': {'short': 6, 'medium': 14, 'long': 24}, 'rsi_levels': {'short': {'overbought': 90, 'oversold': 10}, 'medium': {'overbought': 85, 'oversold': 20}, 'long': {'overbought': 80, 'oversold': 20}}, 'risk_management': {'stop_loss_pips': 50, 'take_profit_pips': 100, 'max_position_size': 0.1, 'min_position_size': 0.01}}}}
2025-05-23 05:49:33,845 - StrategyManager - INFO - Strategy 'rsi_strategy' loaded and initialized.
2025-05-23 05:50:02,291 - StrategyManager - INFO - {'mt5': {'account': 204596757, 'password': '12345678aA@', 'server': 'Exness-MT5Trial7', 'leverage': 2000}, 'trading': {'symbol': 'XAUUSDm', 'timeframe': '1h', 'max_open_positions': 8, 'min_position_size': 0.01, 'max_position_size': 0.1, 'stop_loss_pips': 50, 'take_profit_pips': 100, 'max_daily_loss': 100, 'risk_per_trade': 1.0, 'lot_size': 0.01, 'max_lots': 0.1, 'min_lots': 0.01}, 'strategies': {'interval': 60, 'enabled': ['RSIStrategy'], 'config_path': 'config/strategies'}, 'logging': {'level': 'INFO', 'log_trades': True, 'log_directory': 'logs', 'file': 'logs/trading.log'}, 'backtest': {'initial_balance': 100, 'commission': 0.0001}, 'mode': 'backtest', 'support_timeframes': {'M1': 1, 'M5': 5, 'M15': 15, 'H1': 60, 'H4': 240, 'D1': 1440}, 'strategy': {'name': 'RSIStrategy', 'enabled': True, 'timeframes': ['M5', 'M15', 'H1'], 'parameters': {'rsi_periods': {'short': 6, 'medium': 14, 'long': 24}, 'rsi_levels': {'short': {'overbought': 90, 'oversold': 10}, 'medium': {'overbought': 85, 'oversold': 20}, 'long': {'overbought': 80, 'oversold': 20}}, 'risk_management': {'stop_loss_pips': 50, 'take_profit_pips': 100, 'max_position_size': 0.1, 'min_position_size': 0.01}}}}
2025-05-23 05:50:02,294 - StrategyManager - INFO - Strategy 'rsi_strategy' loaded and initialized.
2025-05-23 05:50:02,294 - StrategyManager - INFO - Added strategy: rsi_strategy
2025-05-23 05:50:02,297 - StrategyManager - ERROR - Error in strategy RSIStrategy: 'StrategyManager' object has no attribute 'fetch_all_data'
2025-05-23 05:50:02,297 - StrategyManager - INFO - Started strategy: RSIStrategy
2025-05-23 05:50:07,326 - StrategyManager - ERROR - Error in strategy RSIStrategy: 'StrategyManager' object has no attribute 'fetch_all_data'
2025-05-23 05:50:12,351 - StrategyManager - INFO - All strategies stopped
2025-05-23 05:53:23,893 - StrategyManager - INFO - {'mt5': {'account': 204596757, 'password': '12345678aA@', 'server': 'Exness-MT5Trial7', 'leverage': 2000}, 'trading': {'symbol': 'XAUUSDm', 'timeframe': '1h', 'max_open_positions': 8, 'min_position_size': 0.01, 'max_position_size': 0.1, 'stop_loss_pips': 50, 'take_profit_pips': 100, 'max_daily_loss': 100, 'risk_per_trade': 1.0, 'lot_size': 0.01, 'max_lots': 0.1, 'min_lots': 0.01}, 'strategies': {'interval': 60, 'enabled': ['RSIStrategy'], 'config_path': 'config/strategies'}, 'logging': {'level': 'INFO', 'log_trades': True, 'log_directory': 'logs', 'file': 'logs/trading.log'}, 'backtest': {'initial_balance': 100, 'commission': 0.0001}, 'mode': 'backtest', 'support_timeframes': {'M1': 1, 'M5': 5, 'M15': 15, 'H1': 60, 'H4': 240, 'D1': 1440}, 'strategy': {'name': 'RSIStrategy', 'enabled': True, 'timeframes': ['M5', 'M15', 'H1'], 'parameters': {'rsi_periods': {'short': 6, 'medium': 14, 'long': 24}, 'rsi_levels': {'short': {'overbought': 90, 'oversold': 10}, 'medium': {'overbought': 85, 'oversold': 20}, 'long': {'overbought': 80, 'oversold': 20}}, 'risk_management': {'stop_loss_pips': 50, 'take_profit_pips': 100, 'max_position_size': 0.1, 'min_position_size': 0.01}}}}
2025-05-23 05:53:23,896 - StrategyManager - INFO - Strategy 'rsi_strategy' loaded and initialized.
2025-05-23 05:53:23,897 - StrategyManager - INFO - Added strategy: rsi_strategy
2025-05-23 05:53:23,913 - StrategyManager - INFO - Started strategy: RSIStrategy
2025-05-23 05:53:24,096 - StrategyManager - WARNING - No data for H1
2025-05-23 05:53:24,142 - StrategyManager - WARNING - No data for H4
2025-05-23 05:53:24,190 - StrategyManager - WARNING - No data for D1
2025-05-23 05:53:24,238 - StrategyManager - ERROR - Error in strategy RSIStrategy: RSIStrategy.run_strategy() takes 1 positional argument but 2 were given
2025-05-23 05:53:29,340 - StrategyManager - WARNING - No data for H1
2025-05-23 05:53:29,370 - StrategyManager - WARNING - No data for H4
2025-05-23 05:53:29,401 - StrategyManager - WARNING - No data for D1
2025-05-23 05:53:29,448 - StrategyManager - ERROR - Error in strategy RSIStrategy: RSIStrategy.run_strategy() takes 1 positional argument but 2 were given
2025-05-23 05:53:34,493 - StrategyManager - INFO - All strategies stopped
2025-05-23 05:55:35,692 - StrategyManager - INFO - {'mt5': {'account': 204596757, 'password': '12345678aA@', 'server': 'Exness-MT5Trial7', 'leverage': 2000}, 'trading': {'symbol': 'XAUUSDm', 'timeframe': '1h', 'max_open_positions': 8, 'min_position_size': 0.01, 'max_position_size': 0.1, 'stop_loss_pips': 50, 'take_profit_pips': 100, 'max_daily_loss': 100, 'risk_per_trade': 1.0, 'lot_size': 0.01, 'max_lots': 0.1, 'min_lots': 0.01}, 'strategies': {'interval': 60, 'enabled': ['RSIStrategy'], 'config_path': 'config/strategies'}, 'logging': {'level': 'INFO', 'log_trades': True, 'log_directory': 'logs', 'file': 'logs/trading.log'}, 'backtest': {'initial_balance': 100, 'commission': 0.0001}, 'mode': 'backtest', 'support_timeframes': {'M1': 1, 'M5': 5, 'M15': 15, 'H1': 60, 'H4': 240, 'D1': 1440}, 'strategy': {'name': 'RSIStrategy', 'enabled': True, 'timeframes': ['M5', 'M15', 'H1'], 'parameters': {'rsi_periods': {'short': 6, 'medium': 14, 'long': 24}, 'rsi_levels': {'short': {'overbought': 90, 'oversold': 10}, 'medium': {'overbought': 85, 'oversold': 20}, 'long': {'overbought': 80, 'oversold': 20}}, 'risk_management': {'stop_loss_pips': 50, 'take_profit_pips': 100, 'max_position_size': 0.1, 'min_position_size': 0.01}}}}
2025-05-23 05:55:35,693 - StrategyManager - INFO - Strategy 'rsi_strategy' loaded and initialized.
2025-05-23 05:55:35,693 - StrategyManager - INFO - Added strategy: rsi_strategy
2025-05-23 05:55:35,703 - StrategyManager - INFO - {'M1': 1, 'M5': 5, 'M15': 15, 'H1': 60, 'H4': 240, 'D1': 1440}
2025-05-23 05:55:35,703 - StrategyManager - INFO - Started strategy: RSIStrategy
2025-05-23 05:55:35,720 - StrategyManager - WARNING - No data for H1
2025-05-23 05:55:35,752 - StrategyManager - WARNING - No data for H4
2025-05-23 05:55:35,798 - StrategyManager - WARNING - No data for D1
2025-05-23 05:55:35,844 - StrategyManager - ERROR - Error in strategy RSIStrategy: RSIStrategy.run_strategy() takes 1 positional argument but 2 were given
2025-05-23 05:55:40,924 - StrategyManager - INFO - {'M1': 1, 'M5': 5, 'M15': 15, 'H1': 60, 'H4': 240, 'D1': 1440}
2025-05-23 05:55:40,998 - StrategyManager - WARNING - No data for H1
2025-05-23 05:55:41,028 - StrategyManager - WARNING - No data for H4
2025-05-23 05:55:41,044 - StrategyManager - WARNING - No data for D1
2025-05-23 05:55:41,090 - StrategyManager - ERROR - Error in strategy RSIStrategy: RSIStrategy.run_strategy() takes 1 positional argument but 2 were given
2025-05-23 05:55:46,174 - StrategyManager - INFO - {'M1': 1, 'M5': 5, 'M15': 15, 'H1': 60, 'H4': 240, 'D1': 1440}
2025-05-23 05:55:46,197 - StrategyManager - WARNING - No data for H1
2025-05-23 05:55:46,228 - StrategyManager - WARNING - No data for H4
2025-05-23 05:55:46,244 - StrategyManager - WARNING - No data for D1
2025-05-23 05:55:46,276 - StrategyManager - ERROR - Error in strategy RSIStrategy: RSIStrategy.run_strategy() takes 1 positional argument but 2 were given
2025-05-23 05:55:51,316 - StrategyManager - INFO - All strategies stopped
